gettext-runtime_0.18.1.1-2_win32
gettext-runtime-dev_0.18.1.1-2_win32
zlib_1.2.5-2_win32
zlib-dev_1.2.5-2_win32
glib_2.26.1-1_win32
glib-dev_2.26.1-1_win32
pkg-config_0.25-1_win32
pkg-config-dev_0.25-1_win32
atk_1.32.0-1_win32
atk-dev_1.32.0-1_win32
pango_1.28.3-1_win32
pango-dev_1.28.3-1_win32
pixman_0.20.0-1_win32
pixman-dev_0.20.0-1_win32
cairo_1.10.2-1_win32
cairo-dev_1.10.2-1_win32
fontconfig_2.8.0-2_win32
fontconfig-dev_2.8.0-2_win32
expat_2.0.1-1_win32
expat-dev_2.0.1-1_win32
freetype_2.4.4-1_win32
freetype-dev_2.4.4-1_win32
libpng_1.4.3-1_win32
libpng-dev_1.4.3-1_win32
gtk+_2.22.1-1_win32
gtk+-dev_2.22.1-1_win32
gdk-pixbuf_2.22.1-1_win32
gdk-pixbuf-dev_2.22.1-1_win32
